f:\mid test\myqbh\myqbh\debug\myqbh.pch
f:\mid test\myqbh\myqbh\debug\vc120.pdb
f:\mid test\myqbh\myqbh\debug\vc120.idb
f:\mid test\myqbh\myqbh\debug\stdafx.obj
f:\mid test\myqbh\myqbh\debug\buffer.obj
f:\mid test\myqbh\myqbh\debug\getmfcc.obj
f:\mid test\myqbh\myqbh\debug\myqbh.obj
f:\mid test\myqbh\myqbh\debug\myqbhdlg.obj
f:\mid test\myqbh\myqbh\debug\pipe.obj
f:\mid test\myqbh\myqbh\debug\ptrfifo.obj
f:\mid test\myqbh\myqbh\debug\soundbase.obj
f:\mid test\myqbh\myqbh\debug\soundfile.obj
f:\mid test\myqbh\myqbh\debug\soundin.obj
f:\mid test\myqbh\debug\myqbh.ilk
f:\mid test\myqbh\debug\myqbh.exe
f:\mid test\myqbh\debug\myqbh.pdb
f:\mid test\myqbh\myqbh\debug\myqbh.res
f:\mid test\myqbh\myqbh\debug\myqbh.tlog\cl.command.1.tlog
f:\mid test\myqbh\myqbh\debug\myqbh.tlog\cl.read.1.tlog
f:\mid test\myqbh\myqbh\debug\myqbh.tlog\cl.write.1.tlog
f:\mid test\myqbh\myqbh\debug\myqbh.tlog\link.command.1.tlog
f:\mid test\myqbh\myqbh\debug\myqbh.tlog\link.read.1.tlog
f:\mid test\myqbh\myqbh\debug\myqbh.tlog\link.write.1.tlog
f:\mid test\myqbh\myqbh\debug\myqbh.tlog\rc.command.1.tlog
f:\mid test\myqbh\myqbh\debug\myqbh.tlog\rc.read.1.tlog
f:\mid test\myqbh\myqbh\debug\myqbh.tlog\rc.write.1.tlog
